2025-11-10 13:13:45 [2]: SERVER -> CLIENT: 220 smtp.gmail.com ESMTP d2e1a72fcca58-7b0cd05d593sm11583758b3a.73 - gsmtp

2025-11-10 13:13:45 [1]: CLIENT -> SERVER: EHLO localhost

2025-11-10 13:13:45 [2]: SERVER -> CLIENT: 250-smtp.gmail.com at your service, [221.127.195.213]
250-SIZE 35882577
250-8BITMIME
250-STARTTLS
250-ENHANCEDSTATUSCODES
250-PIPELINING
250-CHUNKING
250 SMTPUTF8

2025-11-10 13:13:45 [1]: CLIENT -> SERVER: STARTTLS

2025-11-10 13:13:45 [2]: SERVER -> CLIENT: 220 2.0.0 Ready to start TLS

2025-11-10 13:13:45 [1]: CLIENT -> SERVER: EHLO localhost

2025-11-10 13:13:45 [2]: SERVER -> CLIENT: 250-smtp.gmail.com at your service, [221.127.195.213]
250-SIZE 35882577
250-8BITMIME
250-AUTH LOGIN PLAIN XOAUTH2 PLAIN-CLIENTTOKEN OAUTHBEARER XOAUTH
250-ENHANCEDSTATUSCODES
250-PIPELINING
250-CHUNKING
250 SMTPUTF8

2025-11-10 13:13:45 [1]: CLIENT -> SERVER: AUTH LOGIN

2025-11-10 13:13:46 [2]: SERVER -> CLIENT: 334 VXNlcm5hbWU6

2025-11-10 13:13:46 [1]: CLIENT -> SERVER: [credentials hidden]
2025-11-10 13:13:46 [2]: SERVER -> CLIENT: 334 UGFzc3dvcmQ6

2025-11-10 13:13:46 [1]: CLIENT -> SERVER: [credentials hidden]
2025-11-10 13:13:46 [2]: SERVER -> CLIENT: 235 2.7.0 Accepted

2025-11-10 13:13:46 [1]: CLIENT -> SERVER: MAIL FROM:<travelgo.orbits@gmail.com>

2025-11-10 13:13:46 [2]: SERVER -> CLIENT: 250 2.1.0 OK d2e1a72fcca58-7b0cd05d593sm11583758b3a.73 - gsmtp

2025-11-10 13:13:46 [1]: CLIENT -> SERVER: RCPT TO:<polo1st2023@gmail.com>

2025-11-10 13:13:46 [2]: SERVER -> CLIENT: 250 2.1.5 OK d2e1a72fcca58-7b0cd05d593sm11583758b3a.73 - gsmtp

2025-11-10 13:13:46 [1]: CLIENT -> SERVER: DATA

2025-11-10 13:13:47 [2]: SERVER -> CLIENT: 354 Go ahead d2e1a72fcca58-7b0cd05d593sm11583758b3a.73 - gsmtp

2025-11-10 13:13:47 [1]: CLIENT -> SERVER: Date: Mon, 10 Nov 2025 13:13:44 +0100

2025-11-10 13:13:47 [1]: CLIENT -> SERVER: To: Tin Yan To <polo1st2023@gmail.com>

2025-11-10 13:13:47 [1]: CLIENT -> SERVER: From: TravelGO Orbit <travelgo.orbits@gmail.com>

2025-11-10 13:13:47 [1]: CLIENT -> SERVER: Reply-To: TravelGO Orbit <travelgo.orbits@gmail.com>

2025-11-10 13:13:47 [1]: CLIENT -> SERVER: Subject: Verify Your Email - TravelGO Orbit

2025-11-10 13:13:47 [1]: CLIENT -> SERVER: Message-ID: <9EN5jWKqs3wMaB8hzmsnxtZMJRY02JE7B6cxb2Bp4@localhost>

2025-11-10 13:13:47 [1]: CLIENT -> SERVER: X-Mailer: PHPMailer 7.0.0 (https://github.com/PHPMailer/PHPMailer)

2025-11-10 13:13:47 [1]: CLIENT -> SERVER: MIME-Version: 1.0

2025-11-10 13:13:47 [1]: CLIENT -> SERVER: Content-Type: multipart/alternative;

2025-11-10 13:13:47 [1]: CLIENT -> SERVER:  boundary="b1=_9EN5jWKqs3wMaB8hzmsnxtZMJRY02JE7B6cxb2Bp4"

2025-11-10 13:13:47 [1]: CLIENT -> SERVER: Content-Transfer-Encoding: 8bit

2025-11-10 13:13:47 [1]: CLIENT -> SERVER: 

2025-11-10 13:13:47 [1]: CLIENT -> SERVER: --b1=_9EN5jWKqs3wMaB8hzmsnxtZMJRY02JE7B6cxb2Bp4

2025-11-10 13:13:47 [1]: CLIENT -> SERVER: Content-Type: text/plain; charset=us-ascii

2025-11-10 13:13:47 [1]: CLIENT -> SERVER: 

2025-11-10 13:13:47 [1]: CLIENT -> SERVER: Hello Tin Yan To,

2025-11-10 13:13:47 [1]: CLIENT -> SERVER: 

2025-11-10 13:13:47 [1]: CLIENT -> SERVER: Please verify your email address by visiting this link: http://localhost/verify_email.php?token=dbcfb2d2180304c252fc872b18cf2eafad97520dc27e194eec9695d3b4a46b7f

2025-11-10 13:13:47 [1]: CLIENT -> SERVER: 

2025-11-10 13:13:47 [1]: CLIENT -> SERVER: This link will expire in 24 hours.

2025-11-10 13:13:47 [1]: CLIENT -> SERVER: 

2025-11-10 13:13:47 [1]: CLIENT -> SERVER: If you didn't create an account with TravelGO Orbit, please ignore this email.

2025-11-10 13:13:47 [1]: CLIENT -> SERVER: 

2025-11-10 13:13:47 [1]: CLIENT -> SERVER: --b1=_9EN5jWKqs3wMaB8hzmsnxtZMJRY02JE7B6cxb2Bp4

2025-11-10 13:13:47 [1]: CLIENT -> SERVER: Content-Type: text/html; charset=us-ascii

2025-11-10 13:13:47 [1]: CLIENT -> SERVER: 

2025-11-10 13:13:47 [1]: CLIENT -> SERVER: 

2025-11-10 13:13:47 [1]: CLIENT -> SERVER:         <!DOCTYPE html>

2025-11-10 13:13:47 [1]: CLIENT -> SERVER:         <html>

2025-11-10 13:13:47 [1]: CLIENT -> SERVER:         <head>

2025-11-10 13:13:47 [1]: CLIENT -> SERVER:             <style>

2025-11-10 13:13:47 [1]: CLIENT -> SERVER:                 body { font-family: Arial, sans-serif; line-height: 1.6; color: #333; }

2025-11-10 13:13:47 [1]: CLIENT -> SERVER:                 .container { max-width: 600px; margin: 0 auto; padding: 20px; }

2025-11-10 13:13:47 [1]: CLIENT -> SERVER:                 .header { background: linear-gradient(135deg, #f59e0b, #1e3a8a); color: white; padding: 20px; text-align: center; border-radius: 10px 10px 0 0; }

2025-11-10 13:13:47 [1]: CLIENT -> SERVER:                 .content { background: #f9f9f9; padding: 30px; border-radius: 0 0 10px 10px; }

2025-11-10 13:13:47 [1]: CLIENT -> SERVER:                 .button { background: #f59e0b; color: #1e3a8a; padding: 12px 30px; text-decoration: none; border-radius: 5px; font-weight: bold; display: inline-block; }

2025-11-10 13:13:47 [1]: CLIENT -> SERVER:                 .footer { text-align: center; margin-top: 20px; font-size: 12px; color: #666; }

2025-11-10 13:13:47 [1]: CLIENT -> SERVER:             </style>

2025-11-10 13:13:47 [1]: CLIENT -> SERVER:         </head>

2025-11-10 13:13:47 [1]: CLIENT -> SERVER:         <body>

2025-11-10 13:13:47 [1]: CLIENT -> SERVER:             <div class='container'>

2025-11-10 13:13:47 [1]: CLIENT -> SERVER:                 <div class='header'>

2025-11-10 13:13:47 [1]: CLIENT -> SERVER:                     <h1>TravelGO Orbit</h1>

2025-11-10 13:13:47 [1]: CLIENT -> SERVER:                     <h2>Email Verification</h2>

2025-11-10 13:13:47 [1]: CLIENT -> SERVER:                 </div>

2025-11-10 13:13:47 [1]: CLIENT -> SERVER:                 <div class='content'>

2025-11-10 13:13:47 [1]: CLIENT -> SERVER:                     <h3>Hello Tin Yan To,</h3>

2025-11-10 13:13:47 [1]: CLIENT -> SERVER:                     <p>Thank you for registering with TravelGO Orbit! To complete your account setup and access all features, please verify your email address by clicking the button below:</p>

2025-11-10 13:13:47 [1]: CLIENT -> SERVER:                     

2025-11-10 13:13:47 [1]: CLIENT -> SERVER:                     <div style='text-align: center; margin: 30px 0;'>

2025-11-10 13:13:47 [1]: CLIENT -> SERVER:                         <a href='http://localhost/verify_email.php?token=dbcfb2d2180304c252fc872b18cf2eafad97520dc27e194eec9695d3b4a46b7f' class='button'>Verify Email Address</a>

2025-11-10 13:13:47 [1]: CLIENT -> SERVER:                     </div>

2025-11-10 13:13:47 [1]: CLIENT -> SERVER:                     

2025-11-10 13:13:47 [1]: CLIENT -> SERVER:                     <p>Or copy and paste this link in your browser:</p>

2025-11-10 13:13:47 [1]: CLIENT -> SERVER:                     <p style='word-break: break-all; background: #eee; padding: 10px; border-radius: 5px;'>http://localhost/verify_email.php?token=dbcfb2d2180304c252fc872b18cf2eafad97520dc27e194eec9695d3b4a46b7f</p>

2025-11-10 13:13:47 [1]: CLIENT -> SERVER:                     

2025-11-10 13:13:47 [1]: CLIENT -> SERVER:                     <p><strong>This link will expire in 24 hours.</strong></p>

2025-11-10 13:13:47 [1]: CLIENT -> SERVER:                     

2025-11-10 13:13:47 [1]: CLIENT -> SERVER:                     <p>If you didn't create an account with TravelGO Orbit, please ignore this email.</p>

2025-11-10 13:13:47 [1]: CLIENT -> SERVER:                 </div>

2025-11-10 13:13:47 [1]: CLIENT -> SERVER:                 <div class='footer'>

2025-11-10 13:13:47 [1]: CLIENT -> SERVER:                     <p>&copy; 2025 TravelGO Orbit. All rights reserved.</p>

2025-11-10 13:13:47 [1]: CLIENT -> SERVER:                 </div>

2025-11-10 13:13:47 [1]: CLIENT -> SERVER:             </div>

2025-11-10 13:13:47 [1]: CLIENT -> SERVER:         </body>

2025-11-10 13:13:47 [1]: CLIENT -> SERVER:         </html>

2025-11-10 13:13:47 [1]: CLIENT -> SERVER:         

2025-11-10 13:13:47 [1]: CLIENT -> SERVER: 

2025-11-10 13:13:47 [1]: CLIENT -> SERVER: 

2025-11-10 13:13:47 [1]: CLIENT -> SERVER: --b1=_9EN5jWKqs3wMaB8hzmsnxtZMJRY02JE7B6cxb2Bp4--

2025-11-10 13:13:47 [1]: CLIENT -> SERVER: 

2025-11-10 13:13:47 [1]: CLIENT -> SERVER: .

2025-11-10 13:13:47 [2]: SERVER -> CLIENT: 250 2.0.0 OK  1762776828 d2e1a72fcca58-7b0cd05d593sm11583758b3a.73 - gsmtp

2025-11-10 13:13:47 [1]: CLIENT -> SERVER: QUIT

2025-11-10 13:13:47 [2]: SERVER -> CLIENT: 221 2.0.0 closing connection d2e1a72fcca58-7b0cd05d593sm11583758b3a.73 - gsmtp

